[INFO] Scanning for projects...
[WARNING]
[WARNING] Some problems were encountered while building the effective model for com.example:demo:jar:0.0.1-SNAPSHOT
[WARNING] 'dependencies.dependency.(groupId:artifactId:type:classifier)' must be unique: org.thymeleaf.extras:thymeleaf-extras-springsecurity6:jar -> duplicate declaration of version (?) @ line 116, column 21
[WARNING]
[WARNING] It is highly recommended to fix these problems because they threaten the stability of your build.
[WARNING]
[WARNING] For this reason, future Maven versions might no longer support building such malformed projects.
[WARNING]
[INFO]
[INFO] --------------------------< com.example:demo >--------------------------
[INFO] Building demo 0.0.1-SNAPSHOT
[INFO]   from pom.xml
[INFO] --------------------------------[ jar ]---------------------------------
[INFO]
[INFO] >>> spring-boot:3.5.4:run (default-cli) > test-compile @ demo >>>
[INFO]
[INFO] --- resources:3.3.1:resources (default-resources) @ demo ---
[INFO] Copying 1 resource from src/main/resources to target/classes
[INFO] Copying 43 resources from src/main/resources to target/classes
[INFO]
[INFO] --- compiler:3.14.0:compile (default-compile) @ demo ---
[INFO] Nothing to compile - all classes are up to date.
[INFO]
[INFO] --- resources:3.3.1:testResources (default-testResources) @ demo ---
[INFO] Copying 2 resources from src/test/resources to target/test-classes
[INFO]
[INFO] --- compiler:3.14.0:testCompile (default-testCompile) @ demo ---
[INFO] Nothing to compile - all classes are up to date.
[INFO]
[INFO] <<< spring-boot:3.5.4:run (default-cli) < test-compile @ demo <<<
[INFO]
[INFO]
[INFO] --- spring-boot:3.5.4:run (default-cli) @ demo ---
[INFO] Attaching agents: []

  .   ____          _            __ _ _
 /\\ / ___'_ __ _ _(_)_ __  __ _ \ \ \ \
( ( )\___ | '_ | '_| | '_ \/ _` | \ \ \ \
 \\/  ___)| |_)| | | | | || (_| |  ) ) ) )
  '  |____| .__|_| |_|_| |_\__, | / / / /
 =========|_|==============|___/=/_/_/_/

 :: Spring Boot ::                (v3.5.4)

2026-05-14T23:05:28.782Z  INFO 309010 --- [demo-test] [  restartedMain] com.example.demo.DemoApplication         : Starting DemoApplication using Java 21.0.10 with PID 309010 (/app/target/classes started by jules in /app)
2026-05-14T23:05:28.786Z  INFO 309010 --- [demo-test] [  restartedMain] com.example.demo.DemoApplication         : The following 1 profile is active: "test"
2026-05-14T23:05:28.837Z  INFO 309010 --- [demo-test] [  restartedMain] .e.DevToolsPropertyDefaultsPostProcessor : Devtools property defaults active! Set 'spring.devtools.add-properties' to 'false' to disable
2026-05-14T23:05:28.837Z  INFO 309010 --- [demo-test] [  restartedMain] .e.DevToolsPropertyDefaultsPostProcessor : For additional web related logging consider setting the 'logging.level.web' property to 'DEBUG'
2026-05-14T23:05:29.896Z  INFO 309010 --- [demo-test] [  restartedMain] .s.d.r.c.RepositoryConfigurationDelegate : Multiple Spring Data modules found, entering strict repository configuration mode
2026-05-14T23:05:29.898Z  INFO 309010 --- [demo-test] [  restartedMain] .s.d.r.c.RepositoryConfigurationDelegate : Bootstrapping Spring Data JDBC repositories in DEFAULT mode.
2026-05-14T23:05:29.945Z  INFO 309010 --- [demo-test] [  restartedMain] .RepositoryConfigurationExtensionSupport : Spring Data JDBC - Could not safely identify store assignment for repository candidate interface com.example.demo.repository.CommandeRepository; If you want this repository to be a JDBC repository, consider annotating your entities with one of these annotations: org.springframework.data.relational.core.mapping.Table.
2026-05-14T23:05:29.947Z  INFO 309010 --- [demo-test] [  restartedMain] .RepositoryConfigurationExtensionSupport : Spring Data JDBC - Could not safely identify store assignment for repository candidate interface com.example.demo.repository.ConsommationStockRepository; If you want this repository to be a JDBC repository, consider annotating your entities with one of these annotations: org.springframework.data.relational.core.mapping.Table.
2026-05-14T23:05:29.948Z  INFO 309010 --- [demo-test] [  restartedMain] .RepositoryConfigurationExtensionSupport : Spring Data JDBC - Could not safely identify store assignment for repository candidate interface com.example.demo.repository.FeedbackRepository; If you want this repository to be a JDBC repository, consider annotating your entities with one of these annotations: org.springframework.data.relational.core.mapping.Table.
2026-05-14T23:05:29.949Z  INFO 309010 --- [demo-test] [  restartedMain] .RepositoryConfigurationExtensionSupport : Spring Data JDBC - Could not safely identify store assignment for repository candidate interface com.example.demo.repository.IngredientRepository; If you want this repository to be a JDBC repository, consider annotating your entities with one of these annotations: org.springframework.data.relational.core.mapping.Table.
2026-05-14T23:05:29.950Z  INFO 309010 --- [demo-test] [  restartedMain] .RepositoryConfigurationExtensionSupport : Spring Data JDBC - Could not safely identify store assignment for repository candidate interface com.example.demo.repository.LigneCommandeRepository; If you want this repository to be a JDBC repository, consider annotating your entities with one of these annotations: org.springframework.data.relational.core.mapping.Table.
2026-05-14T23:05:29.951Z  INFO 309010 --- [demo-test] [  restartedMain] .RepositoryConfigurationExtensionSupport : Spring Data JDBC - Could not safely identify store assignment for repository candidate interface com.example.demo.repository.MenuRepository; If you want this repository to be a JDBC repository, consider annotating your entities with one of these annotations: org.springframework.data.relational.core.mapping.Table.
2026-05-14T23:05:29.952Z  INFO 309010 --- [demo-test] [  restartedMain] .RepositoryConfigurationExtensionSupport : Spring Data JDBC - Could not safely identify store assignment for repository candidate interface com.example.demo.repository.PaiementRepository; If you want this repository to be a JDBC repository, consider annotating your entities with one of these annotations: org.springframework.data.relational.core.mapping.Table.
2026-05-14T23:05:29.953Z  INFO 309010 --- [demo-test] [  restartedMain] .RepositoryConfigurationExtensionSupport : Spring Data JDBC - Could not safely identify store assignment for repository candidate interface com.example.demo.repository.PlatRepository; If you want this repository to be a JDBC repository, consider annotating your entities with one of these annotations: org.springframework.data.relational.core.mapping.Table.
2026-05-14T23:05:29.956Z  INFO 309010 --- [demo-test] [  restartedMain] .RepositoryConfigurationExtensionSupport : Spring Data JDBC - Could not safely identify store assignment for repository candidate interface com.example.demo.repository.PourboireRepository; If you want this repository to be a JDBC repository, consider annotating your entities with one of these annotations: org.springframework.data.relational.core.mapping.Table.
2026-05-14T23:05:29.957Z  INFO 309010 --- [demo-test] [  restartedMain] .RepositoryConfigurationExtensionSupport : Spring Data JDBC - Could not safely identify store assignment for repository candidate interface com.example.demo.repository.ProduitRepository; If you want this repository to be a JDBC repository, consider annotating your entities with one of these annotations: org.springframework.data.relational.core.mapping.Table.
2026-05-14T23:05:29.958Z  INFO 309010 --- [demo-test] [  restartedMain] .RepositoryConfigurationExtensionSupport : Spring Data JDBC - Could not safely identify store assignment for repository candidate interface com.example.demo.repository.StockProduitRepository; If you want this repository to be a JDBC repository, consider annotating your entities with one of these annotations: org.springframework.data.relational.core.mapping.Table.
2026-05-14T23:05:29.958Z  INFO 309010 --- [demo-test] [  restartedMain] .RepositoryConfigurationExtensionSupport : Spring Data JDBC - Could not safely identify store assignment for repository candidate interface com.example.demo.repository.TableRestaurantRepository; If you want this repository to be a JDBC repository, consider annotating your entities with one of these annotations: org.springframework.data.relational.core.mapping.Table.
2026-05-14T23:05:29.961Z  INFO 309010 --- [demo-test] [  restartedMain] .RepositoryConfigurationExtensionSupport : Spring Data JDBC - Could not safely identify store assignment for repository candidate interface com.example.demo.repository.UserRepository; If you want this repository to be a JDBC repository, consider annotating your entities with one of these annotations: org.springframework.data.relational.core.mapping.Table.
2026-05-14T23:05:29.962Z  INFO 309010 --- [demo-test] [  restartedMain] .s.d.r.c.RepositoryConfigurationDelegate : Finished Spring Data repository scanning in 54 ms. Found 0 JDBC repository interfaces.
2026-05-14T23:05:29.978Z  INFO 309010 --- [demo-test] [  restartedMain] .s.d.r.c.RepositoryConfigurationDelegate : Multiple Spring Data modules found, entering strict repository configuration mode
2026-05-14T23:05:29.979Z  INFO 309010 --- [demo-test] [  restartedMain] .s.d.r.c.RepositoryConfigurationDelegate : Bootstrapping Spring Data JPA repositories in DEFAULT mode.
2026-05-14T23:05:30.137Z  INFO 309010 --- [demo-test] [  restartedMain] .s.d.r.c.RepositoryConfigurationDelegate : Finished Spring Data repository scanning in 153 ms. Found 13 JPA repository interfaces.
2026-05-14T23:05:31.019Z  INFO 309010 --- [demo-test] [  restartedMain] o.s.b.w.embedded.tomcat.TomcatWebServer  : Tomcat initialized with port 8080 (http)
2026-05-14T23:05:31.036Z  INFO 309010 --- [demo-test] [  restartedMain] o.apache.catalina.core.StandardService   : Starting service [Tomcat]
2026-05-14T23:05:31.036Z  INFO 309010 --- [demo-test] [  restartedMain] o.apache.catalina.core.StandardEngine    : Starting Servlet engine: [Apache Tomcat/10.1.43]
2026-05-14T23:05:31.088Z  INFO 309010 --- [demo-test] [  restartedMain] o.a.c.c.C.[Tomcat].[localhost].[/]       : Initializing Spring embedded WebApplicationContext
2026-05-14T23:05:31.089Z  INFO 309010 --- [demo-test] [  restartedMain] w.s.c.ServletWebServerApplicationContext : Root WebApplicationContext: initialization completed in 2250 ms
2026-05-14T23:05:31.425Z  INFO 309010 --- [demo-test] [  restartedMain] com.zaxxer.hikari.HikariDataSource       : HikariPool-1 - Starting...
2026-05-14T23:05:31.672Z  INFO 309010 --- [demo-test] [  restartedMain] com.zaxxer.hikari.pool.HikariPool        : HikariPool-1 - Added connection conn0: url=jdbc:h2:mem:testdb user=SA
2026-05-14T23:05:31.675Z  INFO 309010 --- [demo-test] [  restartedMain] com.zaxxer.hikari.HikariDataSource       : HikariPool-1 - Start completed.
2026-05-14T23:05:31.739Z  INFO 309010 --- [demo-test] [  restartedMain] org.flywaydb.core.FlywayExecutor         : Database: jdbc:h2:mem:testdb (H2 2.3)
2026-05-14T23:05:31.770Z  INFO 309010 --- [demo-test] [  restartedMain] o.f.c.i.s.JdbcTableSchemaHistory         : Schema history table "PUBLIC"."flyway_schema_history" does not exist yet
2026-05-14T23:05:31.772Z  INFO 309010 --- [demo-test] [  restartedMain] o.f.core.internal.command.DbValidate     : Successfully validated 0 migrations (execution time 00:00.009s)
2026-05-14T23:05:31.772Z  WARN 309010 --- [demo-test] [  restartedMain] o.f.core.internal.command.DbValidate     : No migrations found. Are your locations set up correctly?
2026-05-14T23:05:31.782Z  INFO 309010 --- [demo-test] [  restartedMain] o.f.c.i.s.JdbcTableSchemaHistory         : Creating Schema History table "PUBLIC"."flyway_schema_history" ...
2026-05-14T23:05:31.831Z  INFO 309010 --- [demo-test] [  restartedMain] o.f.core.internal.command.DbMigrate      : Current version of schema "PUBLIC": << Empty Schema >>
2026-05-14T23:05:31.835Z  INFO 309010 --- [demo-test] [  restartedMain] o.f.core.internal.command.DbMigrate      : Schema "PUBLIC" is up to date. No migration necessary.
2026-05-14T23:05:31.960Z  INFO 309010 --- [demo-test] [  restartedMain] o.hibernate.jpa.internal.util.LogHelper  : HHH000204: Processing PersistenceUnitInfo [name: default]
2026-05-14T23:05:32.009Z  INFO 309010 --- [demo-test] [  restartedMain] org.hibernate.Version                    : HHH000412: Hibernate ORM core version 6.6.22.Final
2026-05-14T23:05:32.043Z  INFO 309010 --- [demo-test] [  restartedMain] o.h.c.internal.RegionFactoryInitiator    : HHH000026: Second-level cache disabled
2026-05-14T23:05:32.329Z  INFO 309010 --- [demo-test] [  restartedMain] o.s.o.j.p.SpringPersistenceUnitInfo      : No LoadTimeWeaver setup: ignoring JPA class transformer
2026-05-14T23:05:32.379Z  WARN 309010 --- [demo-test] [  restartedMain] org.hibernate.orm.deprecation            : HHH90000025: H2Dialect does not need to be specified explicitly using 'hibernate.dialect' (remove the property setting and it will be selected by default)
2026-05-14T23:05:32.395Z  INFO 309010 --- [demo-test] [  restartedMain] org.hibernate.orm.connections.pooling    : HHH10001005: Database info:
	Database JDBC URL [Connecting through datasource 'HikariDataSource (HikariPool-1)']
	Database driver: undefined/unknown
	Database version: 2.3.232
	Autocommit mode: undefined/unknown
	Isolation level: undefined/unknown
	Minimum pool size: undefined/unknown
	Maximum pool size: undefined/unknown
2026-05-14T23:05:33.733Z  INFO 309010 --- [demo-test] [  restartedMain] o.h.e.t.j.p.i.JtaPlatformInitiator       : HHH000489: No JTA platform available (set 'hibernate.transaction.jta.platform' to enable JTA platform integration)
Hibernate: drop table if exists commande cascade
Hibernate: drop table if exists consommation_stock cascade
Hibernate: drop table if exists feedback cascade
Hibernate: drop table if exists ingredient cascade
Hibernate: drop table if exists ligne_commande cascade
Hibernate: drop table if exists menu cascade
Hibernate: drop table if exists menu_plat cascade
Hibernate: drop table if exists paiement cascade
Hibernate: drop table if exists plat cascade
Hibernate: drop table if exists pourboire cascade
Hibernate: drop table if exists produit cascade
Hibernate: drop table if exists stock_produit cascade
Hibernate: drop table if exists table_restaurant cascade
Hibernate: drop table if exists "user" cascade
Hibernate: create table commande (is_emporter boolean, montant_total float(53), client_id bigint, date_heure timestamp(6), id bigint generated by default as identity, serveur_id bigint, table_id bigint, commentaire varchar(255), etat enum ('EN_COURS','EN_VALIDATION','PAYEE'), primary key (id))
Hibernate: create table consommation_stock (quantite_utilisee float(53), identifiant bigint generated by default as identity, ligne_commande_id bigint, produit_id bigint, primary key (identifiant))
Hibernate: create table feedback (note integer, client_id bigint, commande_id bigint unique, date_submitted timestamp(6), identifiant bigint generated by default as identity, commentaire varchar(255), primary key (identifiant))
Hibernate: create table ingredient (quantite float(53), identifiant bigint generated by default as identity, plat_id bigint, produit_id bigint, primary key (identifiant))
Hibernate: create table ligne_commande (quantite integer, commande_id bigint, identifiant bigint generated by default as identity, menu_id bigint, plat_id bigint, etat enum ('EN_ATTENTE','EN_PREPARATION','EN_VALIDATION','PREPARATION_TERMINEE','SERVIE'), type_ligne enum ('MENU','PLAT'), primary key (identifiant))
Hibernate: create table menu (actif boolean not null, date_debut date, date_fin date, prix float(53), id bigint generated by default as identity, description varchar(255), image varchar(255), nom varchar(255), primary key (id))
Hibernate: create table menu_plat (menu_id bigint not null, plat_id bigint not null, primary key (menu_id, plat_id))
Hibernate: create table paiement (montant float(53), commande_id bigint, date_paiement timestamp(6), id bigint generated by default as identity, serveur_id bigint, mode_paiement enum ('CAISSE','CARTE_BANCAIRE','QR_CODE'), statut enum ('EN_COURS','PAYE','REFUSE'), primary key (id))
Hibernate: create table plat (actif boolean not null, prix float(53), identifiant bigint generated by default as identity, description varchar(255), image varchar(255), nom varchar(255), categorie enum ('BOISSON','DESSERT','ENTREE','GLACE','PLAT_PRINCIPAL'), primary key (identifiant))
Hibernate: create table pourboire (montant float(53), id bigint generated by default as identity, paiement_id bigint unique, primary key (id))
Hibernate: create table produit (quantite float(53), id bigint generated by default as identity, image varchar(255), nom varchar(255), unite varchar(255), type enum ('AUTRE','BOISSON','BOULANGERIE','CREMERIE','DESSERT','EPICERIE_SECHE','FRUIT','GLACE','LEGUME','POISSON','VIANDE'), primary key (id))
Hibernate: create table stock_produit (stock_actuel float(53), stock_minimum float(53), id bigint generated by default as identity, produit_id bigint unique, primary key (id))
Hibernate: create table table_restaurant (nombre_personne integer, numero_table integer unique, identifiant bigint generated by default as identity, serveur_id bigint, version bigint, statut enum ('LIBRE','OCCUPEE'), primary key (identifiant))
Hibernate: create table "user" (id bigint generated by default as identity, email varchar(255) unique, full_name varchar(255), password varchar(255), role enum ('ADMIN','CHEF_CUISINIER','CLIENT','SERVEUR'), primary key (id))
Hibernate: alter table if exists commande add constraint FKg76ff6hxnpsjd3rqc46og7sry foreign key (client_id) references "user"
Hibernate: alter table if exists commande add constraint FKcftyslgou8oaosas6olstynly foreign key (serveur_id) references "user"
Hibernate: alter table if exists commande add constraint FKh44pcfsk71nbauonlx7r91bb0 foreign key (table_id) references table_restaurant
Hibernate: alter table if exists consommation_stock add constraint FKpteju1hivbk2d4wrouf10ixex foreign key (ligne_commande_id) references ligne_commande
Hibernate: alter table if exists consommation_stock add constraint FK98d5kabjf5mu3f8le7ekhv9fa foreign key (produit_id) references produit
Hibernate: alter table if exists feedback add constraint FK3076dcf14b9viyrcknmhl1ymq foreign key (client_id) references "user"
Hibernate: alter table if exists feedback add constraint FKcc5ivrkfx4qpkui6bboqa64gt foreign key (commande_id) references commande
Hibernate: alter table if exists ingredient add constraint FKn0v9siygvbdwpf0xq0igpmhxy foreign key (plat_id) references plat
Hibernate: alter table if exists ingredient add constraint FKnqg75sfr4j1w8fb68jod8exas foreign key (produit_id) references produit
Hibernate: alter table if exists ligne_commande add constraint FKaff2bjyreiuyi723relg10spm foreign key (commande_id) references commande
Hibernate: alter table if exists ligne_commande add constraint FKc6v2ya6vjyx6e757bw2rfr7if foreign key (menu_id) references menu
Hibernate: alter table if exists ligne_commande add constraint FKoyts804r88llx3yoq5hvdmove foreign key (plat_id) references plat
Hibernate: alter table if exists menu_plat add constraint FK5wijsn1ol92rwunymd51dlfwn foreign key (plat_id) references plat
Hibernate: alter table if exists menu_plat add constraint FKtm1ww2v3ygjp8fi35v3yc2u4d foreign key (menu_id) references menu
Hibernate: alter table if exists paiement add constraint FK7154xu8wk0uya9b09dg8pcedm foreign key (commande_id) references commande
Hibernate: alter table if exists paiement add constraint FKjr19u0wyxdwr4ah086sovdhty foreign key (serveur_id) references "user"
Hibernate: alter table if exists pourboire add constraint FKkr5abtg54s7nw9ijr6mwaav0j foreign key (paiement_id) references paiement
Hibernate: alter table if exists stock_produit add constraint FK1lnsn9h1evyxwnnktixqo2wc foreign key (produit_id) references produit
Hibernate: alter table if exists table_restaurant add constraint FK7yshggfirc52bgwgsdink6ui2 foreign key (serveur_id) references "user"
2026-05-14T23:05:33.836Z  INFO 309010 --- [demo-test] [  restartedMain] j.LocalContainerEntityManagerFactoryBean : Initialized JPA EntityManagerFactory for persistence unit 'default'
2026-05-14T23:05:34.245Z  INFO 309010 --- [demo-test] [  restartedMain] o.s.d.j.r.query.QueryEnhancerFactory     : Hibernate is in classpath; If applicable, HQL parser will be used.
2026-05-14T23:05:36.464Z  WARN 309010 --- [demo-test] [  restartedMain] JpaBaseConfiguration$JpaWebConfiguration : spring.jpa.open-in-view is enabled by default. Therefore, database queries may be performed during view rendering. Explicitly configure spring.jpa.open-in-view to disable this warning
2026-05-14T23:05:36.800Z  INFO 309010 --- [demo-test] [  restartedMain] o.s.b.a.w.s.WelcomePageHandlerMapping    : Adding welcome page template: index
2026-05-14T23:05:37.142Z  INFO 309010 --- [demo-test] [  restartedMain] r$InitializeUserDetailsManagerConfigurer : Global AuthenticationManager configured with UserDetailsService bean with name customUserDetailsService
2026-05-14T23:05:37.752Z  INFO 309010 --- [demo-test] [  restartedMain] o.s.b.a.h2.H2ConsoleAutoConfiguration    : H2 console available at '/h2-console'. Database available at 'jdbc:h2:mem:testdb'
2026-05-14T23:05:37.864Z  WARN 309010 --- [demo-test] [  restartedMain] o.s.b.d.a.OptionalLiveReloadServer       : Unable to start LiveReload server
2026-05-14T23:05:38.030Z  WARN 309010 --- [demo-test] [  restartedMain] ConfigServletWebServerApplicationContext : Exception encountered during context initialization - cancelling refresh attempt: org.springframework.context.ApplicationContextException: Failed to start bean 'webServerStartStop'
2026-05-14T23:05:38.037Z  INFO 309010 --- [demo-test] [  restartedMain] j.LocalContainerEntityManagerFactoryBean : Closing JPA EntityManagerFactory for persistence unit 'default'
Hibernate: drop table if exists commande cascade
Hibernate: drop table if exists consommation_stock cascade
Hibernate: drop table if exists feedback cascade
Hibernate: drop table if exists ingredient cascade
Hibernate: drop table if exists ligne_commande cascade
Hibernate: drop table if exists menu cascade
Hibernate: drop table if exists menu_plat cascade
Hibernate: drop table if exists paiement cascade
Hibernate: drop table if exists plat cascade
Hibernate: drop table if exists pourboire cascade
Hibernate: drop table if exists produit cascade
Hibernate: drop table if exists stock_produit cascade
Hibernate: drop table if exists table_restaurant cascade
Hibernate: drop table if exists "user" cascade
2026-05-14T23:05:38.061Z  WARN 309010 --- [demo-test] [  restartedMain] o.s.b.f.support.DisposableBeanAdapter    : Invocation of destroy method failed on bean with name 'inMemoryDatabaseShutdownExecutor': org.h2.jdbc.JdbcSQLNonTransientConnectionException: Database is already closed (to disable automatic closing at VM shutdown, add ";DB_CLOSE_ON_EXIT=FALSE" to the db URL) [90121-232]
2026-05-14T23:05:38.062Z  INFO 309010 --- [demo-test] [  restartedMain] com.zaxxer.hikari.HikariDataSource       : HikariPool-1 - Shutdown initiated...
2026-05-14T23:05:38.065Z  INFO 309010 --- [demo-test] [  restartedMain] com.zaxxer.hikari.HikariDataSource       : HikariPool-1 - Shutdown completed.
2026-05-14T23:05:38.085Z  INFO 309010 --- [demo-test] [  restartedMain] .s.b.a.l.ConditionEvaluationReportLogger :

Error starting ApplicationContext. To display the condition evaluation report re-run your application with 'debug' enabled.
2026-05-14T23:05:38.110Z ERROR 309010 --- [demo-test] [  restartedMain] o.s.b.d.LoggingFailureAnalysisReporter   :

***************************
APPLICATION FAILED TO START
***************************

Description:

Web server failed to start. Port 8080 was already in use.

Action:

Identify and stop the process that's listening on port 8080 or configure this application to listen on another port.

[INFO] ------------------------------------------------------------------------
[INFO] BUILD SUCCESS
[INFO] ------------------------------------------------------------------------
[INFO] Total time:  12.784 s
[INFO] Finished at: 2026-05-14T23:05:38Z
[INFO] ------------------------------------------------------------------------
